#
# An unexpected error has occurred (11)
#
Stack:
/lib/x86_64-linux-gnu/libc.so.6(+0x43090) [0x7fb534d76090]
/mnt/newpart/Vivado/Vivado/2023.1/lib/lnx64.o/librdi_common.so(Cudd_Ref+0x4) [0x7fb5362ae6c4]
/mnt/newpart/Vivado/Vivado/2023.1/lib/lnx64.o/librdi_common.so(DD::DD(Cudd*, DdNode*)+0x2c) [0x7fb5362cc2fc]
/mnt/newpart/Vivado/Vivado/2023.1/lib/lnx64.o/librdi_common.so(ABDD::ABDD(Cudd*, DdNode*)+0x9) [0x7fb5362cc7e9]
/mnt/newpart/Vivado/Vivado/2023.1/lib/lnx64.o/librdi_common.so(BDD::BDD(Cudd*, DdNode*)+0x9) [0x7fb5362cc959]
/mnt/newpart/Vivado/Vivado/2023.1/lib/lnx64.o/librdi_common.so(BDD::operator~() const+0x15) [0x7fb5362ccd25]
/mnt/newpart/Vivado/Vivado/2023.1/lib/lnx64.o/librdi_synth.so(SFunction::operator^(SFunction const&)+0x66) [0x7fb502df9886]
/mnt/newpart/Vivado/Vivado/2023.1/lib/lnx64.o/librdi_synth.so(GLogicGenerate::createFunctionForEQ(DFNode*, bool)+0x1df) [0x7fb50292237f]
/mnt/newpart/Vivado/Vivado/2023.1/lib/lnx64.o/librdi_synth.so(GLogicGenerate::createFunctionForBinary(DFNode*, unsigned int)+0x52) [0x7fb5029245e2]
/mnt/newpart/Vivado/Vivado/2023.1/lib/lnx64.o/librdi_synth.so(GLogicGenerate::createFunction(DFPin*, unsigned int, bool, bool)+0x5b5) [0x7fb50292b015]
/mnt/newpart/Vivado/Vivado/2023.1/lib/lnx64.o/librdi_synth.so(GLogicGenerate::createFunction(DFEdge*, unsigned int, bool)+0x34) [0x7fb50291d8b4]
/mnt/newpart/Vivado/Vivado/2023.1/lib/lnx64.o/librdi_synth.so(GLogicGenerate::createFunction(DFPin*, unsigned int, bool)+0xb6) [0x7fb50291f436]
/mnt/newpart/Vivado/Vivado/2023.1/lib/lnx64.o/librdi_synth.so(GLogicGenerate::getFunctionFromBitOperator(DFNode*, unsigned int, PinIdx* (*)(DFNode*), bool)+0xea) [0x7fb50292122a]
/mnt/newpart/Vivado/Vivado/2023.1/lib/lnx64.o/librdi_synth.so(GLogicGenerate::createFunctionForBasic(DFNode*, unsigned int, bool)+0xad) [0x7fb50292a9ad]
/mnt/newpart/Vivado/Vivado/2023.1/lib/lnx64.o/librdi_synth.so(GLogicGenerate::createFunction(DFPin*, unsigned int, bool, bool)+0x5e3) [0x7fb50292b043]
/mnt/newpart/Vivado/Vivado/2023.1/lib/lnx64.o/librdi_synth.so(GLogicGenerate::createFunction(DFEdge*, unsigned int, bool)+0x34) [0x7fb50291d8b4]
/mnt/newpart/Vivado/Vivado/2023.1/lib/lnx64.o/librdi_synth.so(GLogicGenerate::implement(DFPin*)+0x362) [0x7fb502928892]
/mnt/newpart/Vivado/Vivado/2023.1/lib/lnx64.o/librdi_synth.so(GLogicGenerate::generate()+0x1d5) [0x7fb502929495]
/mnt/newpart/Vivado/Vivado/2023.1/lib/lnx64.o/librdi_synth.so(GLogicGenerate::GLogicGenerate(DFGraph*, NBaseMod, Cudd&, bool, GLogicBddToGate*)+0x210) [0x7fb5029299c0]
/mnt/newpart/Vivado/Vivado/2023.1/lib/lnx64.o/librdi_synth.so(GLogicGen::regenerate(bool, bool)+0x70) [0x7fb502929a80]
/mnt/newpart/Vivado/Vivado/2023.1/lib/lnx64.o/librdi_synth.so(HARTGLogicGen::regenerate(bool, bool)+0x2e1) [0x7fb502017091]
/mnt/newpart/Vivado/Vivado/2023.1/lib/lnx64.o/librdi_synth.so(GLogicGen::generate(bool, bool)+0x2a) [0x7fb50291df7a]
/mnt/newpart/Vivado/Vivado/2023.1/lib/lnx64.o/librdi_synth.so(GLogic::GLogic(NRealMod, DFGraph*, bool, bool)+0x8a) [0x7fb502e1c61a]
/mnt/newpart/Vivado/Vivado/2023.1/lib/lnx64.o/librdi_synth.so(HSynMod::createNonModGraph(DFNode*, bool)+0x9bc) [0x7fb502d2968c]
/mnt/newpart/Vivado/Vivado/2023.1/lib/lnx64.o/librdi_synth.so(HSynMod::connectGraph(DFNode*)+0xa6) [0x7fb502d399e6]
/mnt/newpart/Vivado/Vivado/2023.1/lib/lnx64.o/librdi_synth.so(HSynMod::connectInputPin(SPinArray*, DFPin*)+0x37b) [0x7fb502d3882b]
/mnt/newpart/Vivado/Vivado/2023.1/lib/lnx64.o/librdi_synth.so(HSynMod::connectNets()+0x74) [0x7fb502d3a264]
/mnt/newpart/Vivado/Vivado/2023.1/lib/lnx64.o/librdi_synth.so(HSynMod::regenerate(bool)+0x24) [0x7fb502d33464]
/mnt/newpart/Vivado/Vivado/2023.1/lib/lnx64.o/librdi_synth.so(HARTGLogicGen::partitionLogicAndGenerate(bool, bool, int)+0x47e) [0x7fb50201691e]
/mnt/newpart/Vivado/Vivado/2023.1/lib/lnx64.o/librdi_synth.so(HARTGLogicGen::regenerate(bool, bool)+0x6e2) [0x7fb502017492]
/mnt/newpart/Vivado/Vivado/2023.1/lib/lnx64.o/librdi_synth.so(GLogicGen::generate(bool, bool)+0x2a) [0x7fb50291df7a]
/mnt/newpart/Vivado/Vivado/2023.1/lib/lnx64.o/librdi_synth.so(GLogic::GLogic(NRealMod, DFGraph*, bool, bool)+0x8a) [0x7fb502e1c61a]
/mnt/newpart/Vivado/Vivado/2023.1/lib/lnx64.o/librdi_synth.so(HSynMod::createNonModGraph(DFNode*, bool)+0x9bc) [0x7fb502d2968c]
/mnt/newpart/Vivado/Vivado/2023.1/lib/lnx64.o/librdi_synth.so(HSynMod::connectGraph(DFNode*)+0xa6) [0x7fb502d399e6]
/mnt/newpart/Vivado/Vivado/2023.1/lib/lnx64.o/librdi_synth.so(HSynMod::connectInputPin(SPinArray*, DFPin*)+0x37b) [0x7fb502d3882b]
/mnt/newpart/Vivado/Vivado/2023.1/lib/lnx64.o/librdi_synth.so(HSynMod::connectNets()+0x74) [0x7fb502d3a264]
/mnt/newpart/Vivado/Vivado/2023.1/lib/lnx64.o/librdi_synth.so(HSynMod::regenerate(bool)+0x24) [0x7fb502d33464]
/mnt/newpart/Vivado/Vivado/2023.1/lib/lnx64.o/librdi_synth.so(GSyn::generate(NRealMod, bool)+0x352) [0x7fb502891cb2]
/mnt/newpart/Vivado/Vivado/2023.1/lib/lnx64.o/librdi_synth.so(NRealMod::regenerate(bool)+0x27) [0x7fb502891e37]
/mnt/newpart/Vivado/Vivado/2023.1/lib/lnx64.o/librdi_synth.so(HARTNDb::optimizeAndMap()+0x9bb) [0x7fb501c0065b]
/mnt/newpart/Vivado/Vivado/2023.1/lib/lnx64.o/librdi_synth.so(HARTNDb::map()+0x1b) [0x7fb501c0166b]
/mnt/newpart/Vivado/Vivado/2023.1/lib/lnx64.o/librdi_synth.so(+0x14e6e13) [0x7fb501e5fe13]
/mnt/newpart/Vivado/Vivado/2023.1/lib/lnx64.o/librdi_synth.so(+0x1360655) [0x7fb501cd9655]
/mnt/newpart/Vivado/Vivado/2023.1/lib/lnx64.o/libtcl8.5.so(+0x3356f) [0x7fb53156056f]
/mnt/newpart/Vivado/Vivado/2023.1/lib/lnx64.o/libtcl8.5.so(+0x34bf8) [0x7fb531561bf8]
/mnt/newpart/Vivado/Vivado/2023.1/lib/lnx64.o/libtcl8.5.so(Tcl_EvalEx+0x13) [0x7fb531562163]
/mnt/newpart/Vivado/Vivado/2023.1/lib/lnx64.o/libtcl8.5.so(TclEvalObjEx+0x1e0) [0x7fb531562380]
/mnt/newpart/Vivado/Vivado/2023.1/lib/lnx64.o/libtcl8.5.so(+0x3b445) [0x7fb531568445]
/mnt/newpart/Vivado/Vivado/2023.1/lib/lnx64.o/libtcl8.5.so(+0x3356f) [0x7fb53156056f]
/mnt/newpart/Vivado/Vivado/2023.1/lib/lnx64.o/libtcl8.5.so(+0x76945) [0x7fb5315a3945]
/mnt/newpart/Vivado/Vivado/2023.1/lib/lnx64.o/libtcl8.5.so(+0x7e0f9) [0x7fb5315ab0f9]
/mnt/newpart/Vivado/Vivado/2023.1/lib/lnx64.o/libtcl8.5.so(TclEvalObjEx+0x76) [0x7fb531562216]
/mnt/newpart/Vivado/Vivado/2023.1/lib/lnx64.o/librdi_commontasks.so(+0x260d41) [0x7fb52adedd41]
/mnt/newpart/Vivado/Vivado/2023.1/lib/lnx64.o/libtcl8.5.so(+0x3356f) [0x7fb53156056f]
/mnt/newpart/Vivado/Vivado/2023.1/lib/lnx64.o/libtcl8.5.so(+0x76945) [0x7fb5315a3945]
/mnt/newpart/Vivado/Vivado/2023.1/lib/lnx64.o/libtcl8.5.so(TclObjInterpProcCore+0x420) [0x7fb5315e4ed0]
/mnt/newpart/Vivado/Vivado/2023.1/lib/lnx64.o/libtcl8.5.so(+0x3356f) [0x7fb53156056f]
/mnt/newpart/Vivado/Vivado/2023.1/lib/lnx64.o/libtcl8.5.so(+0x76945) [0x7fb5315a3945]
/mnt/newpart/Vivado/Vivado/2023.1/lib/lnx64.o/libtcl8.5.so(+0x7e0f9) [0x7fb5315ab0f9]
/mnt/newpart/Vivado/Vivado/2023.1/lib/lnx64.o/libtcl8.5.so(TclEvalObjEx+0x76) [0x7fb531562216]
/mnt/newpart/Vivado/Vivado/2023.1/lib/lnx64.o/librdi_commontasks.so(+0x260d41) [0x7fb52adedd41]
/mnt/newpart/Vivado/Vivado/2023.1/lib/lnx64.o/libtcl8.5.so(+0x3356f) [0x7fb53156056f]
/mnt/newpart/Vivado/Vivado/2023.1/lib/lnx64.o/libtcl8.5.so(+0x76945) [0x7fb5315a3945]
/mnt/newpart/Vivado/Vivado/2023.1/lib/lnx64.o/libtcl8.5.so(Tcl_ExprObj+0xf8) [0x7fb5315aacd8]
/mnt/newpart/Vivado/Vivado/2023.1/lib/lnx64.o/libtcl8.5.so(Tcl_ExprBooleanObj+0x16) [0x7fb531560f56]
/mnt/newpart/Vivado/Vivado/2023.1/lib/lnx64.o/libtcl8.5.so(+0x3e7ae) [0x7fb53156b7ae]
/mnt/newpart/Vivado/Vivado/2023.1/lib/lnx64.o/libtcl8.5.so(+0x3356f) [0x7fb53156056f]
/mnt/newpart/Vivado/Vivado/2023.1/lib/lnx64.o/libtcl8.5.so(+0x34bf8) [0x7fb531561bf8]
/mnt/newpart/Vivado/Vivado/2023.1/lib/lnx64.o/libtcl8.5.so(Tcl_EvalEx+0x13) [0x7fb531562163]
/mnt/newpart/Vivado/Vivado/2023.1/lib/lnx64.o/libtcl8.5.so(Tcl_FSEvalFileEx+0x1da) [0x7fb5315c6d2a]
/mnt/newpart/Vivado/Vivado/2023.1/lib/lnx64.o/librdi_commontasks.so(+0x27cfb0) [0x7fb52ae09fb0]
/mnt/newpart/Vivado/Vivado/2023.1/lib/lnx64.o/librdi_common.so(+0xbcfbcf) [0x7fb535f23bcf]
/mnt/newpart/Vivado/Vivado/2023.1/lib/lnx64.o/libtcl8.5.so(+0x3356f) [0x7fb53156056f]
/mnt/newpart/Vivado/Vivado/2023.1/lib/lnx64.o/libtcl8.5.so(+0x76945) [0x7fb5315a3945]
/mnt/newpart/Vivado/Vivado/2023.1/lib/lnx64.o/libtcl8.5.so(+0x7e0f9) [0x7fb5315ab0f9]
/mnt/newpart/Vivado/Vivado/2023.1/lib/lnx64.o/libtcl8.5.so(TclEvalObjEx+0x76) [0x7fb531562216]
/mnt/newpart/Vivado/Vivado/2023.1/lib/lnx64.o/libtcl8.5.so(+0xb7637) [0x7fb5315e4637]
/mnt/newpart/Vivado/Vivado/2023.1/lib/lnx64.o/libtcl8.5.so(+0x3356f) [0x7fb53156056f]
/mnt/newpart/Vivado/Vivado/2023.1/lib/lnx64.o/libtcl8.5.so(+0x76945) [0x7fb5315a3945]
/mnt/newpart/Vivado/Vivado/2023.1/lib/lnx64.o/libtcl8.5.so(+0x7e0f9) [0x7fb5315ab0f9]
/mnt/newpart/Vivado/Vivado/2023.1/lib/lnx64.o/libtcl8.5.so(TclEvalObjEx+0x76) [0x7fb531562216]
/mnt/newpart/Vivado/Vivado/2023.1/lib/lnx64.o/librdi_commontasks.so(+0x260c9e) [0x7fb52adedc9e]
/mnt/newpart/Vivado/Vivado/2023.1/lib/lnx64.o/libtcl8.5.so(+0x3356f) [0x7fb53156056f]
/mnt/newpart/Vivado/Vivado/2023.1/lib/lnx64.o/libtcl8.5.so(+0x34bf8) [0x7fb531561bf8]
/mnt/newpart/Vivado/Vivado/2023.1/lib/lnx64.o/libtcl8.5.so(+0xad566) [0x7fb5315da566]
/mnt/newpart/Vivado/Vivado/2023.1/lib/lnx64.o/libtcl8.5.so(+0x34785) [0x7fb531561785]
/mnt/newpart/Vivado/Vivado/2023.1/lib/lnx64.o/libtcl8.5.so(Tcl_EvalEx+0x13) [0x7fb531562163]
/mnt/newpart/Vivado/Vivado/2023.1/lib/lnx64.o/libtcl8.5.so(Tcl_FSEvalFileEx+0x1da) [0x7fb5315c6d2a]
/mnt/newpart/Vivado/Vivado/2023.1/lib/lnx64.o/librdi_commontasks.so(+0x27cfb0) [0x7fb52ae09fb0]
/mnt/newpart/Vivado/Vivado/2023.1/lib/lnx64.o/librdi_common.so(+0xbcfbcf) [0x7fb535f23bcf]
/mnt/newpart/Vivado/Vivado/2023.1/lib/lnx64.o/libtcl8.5.so(+0x3356f) [0x7fb53156056f]
/mnt/newpart/Vivado/Vivado/2023.1/lib/lnx64.o/libtcl8.5.so(Tcl_EvalObjv+0x32) [0x7fb5315606a2]
/mnt/newpart/Vivado/Vivado/2023.1/lib/lnx64.o/libtcl8.5.so(TclEvalObjEx+0x322) [0x7fb5315624c2]
/mnt/newpart/Vivado/Vivado/2023.1/lib/lnx64.o/librdi_common.so(hdi::tcltasks::task_manager::eval_in_tcl(Tcl_Interp*, Tcl_Obj*, char const*, bool)+0x7ad) [0x7fb535f21fbd]
/mnt/newpart/Vivado/Vivado/2023.1/lib/lnx64.o/librdi_designutils.so(HRTInvoker::inProcessLaunch(HDGUIStatus&)+0x310) [0x7fb520b7a1e0]
/mnt/newpart/Vivado/Vivado/2023.1/lib/lnx64.o/librdi_designutils.so(HRTInvoker::launch(HDGUIStatus&)+0x33) [0x7fb520b7a793]
/mnt/newpart/Vivado/Vivado/2023.1/lib/lnx64.o/librdi_vivadotasks.so(+0x718981) [0x7fb4fa751981]
/mnt/newpart/Vivado/Vivado/2023.1/lib/lnx64.o/librdi_vivadotasks.so(+0x721442) [0x7fb4fa75a442]
/mnt/newpart/Vivado/Vivado/2023.1/lib/lnx64.o/librdi_common.so(+0xbcfbcf) [0x7fb535f23bcf]
/mnt/newpart/Vivado/Vivado/2023.1/lib/lnx64.o/libtcl8.5.so(+0x3356f) [0x7fb53156056f]
/mnt/newpart/Vivado/Vivado/2023.1/lib/lnx64.o/libtcl8.5.so(+0x76945) [0x7fb5315a3945]
/mnt/newpart/Vivado/Vivado/2023.1/lib/lnx64.o/libtcl8.5.so(+0x7e0f9) [0x7fb5315ab0f9]
/mnt/newpart/Vivado/Vivado/2023.1/lib/lnx64.o/libtcl8.5.so(TclEvalObjEx+0x76) [0x7fb531562216]
/mnt/newpart/Vivado/Vivado/2023.1/lib/lnx64.o/libtcl8.5.so(Tcl_RecordAndEvalObj+0x143) [0x7fb5315b0bd3]
/mnt/newpart/Vivado/Vivado/2023.1/lib/lnx64.o/librdi_commontasks.so(+0x2f9cb9) [0x7fb52ae86cb9]
/mnt/newpart/Vivado/Vivado/2023.1/lib/lnx64.o/libtcl8.5.so(Tcl_Main+0x620) [0x7fb5315cd740]
/mnt/newpart/Vivado/Vivado/2023.1/lib/lnx64.o/librdi_common.so(+0xbfd38b) [0x7fb535f5138b]
/lib/x86_64-linux-gnu/libpthread.so.0(+0x8609) [0x7fb534d18609]
/lib/x86_64-linux-gnu/libc.so.6(clone+0x43) [0x7fb534e52133]
