#
# An unexpected error has occurred (11)
#
Stack:
/lib/x86_64-linux-gnu/libc.so.6(+0x43090) [0x7f9e8411d090]
/home/zou/software/vivado/Vivado/2023.1/lib/lnx64.o/librdi_synth.so(HARTHOptPrepDsp::reduceRegisterSize(DFNode*)+0x1116) [0x7f9e50926c86]
/home/zou/software/vivado/Vivado/2023.1/lib/lnx64.o/librdi_synth.so(HARTHOptPrepDsp::reduceDspRegSize(DFNode*)+0xa1) [0x7f9e50926ed1]
/home/zou/software/vivado/Vivado/2023.1/lib/lnx64.o/librdi_synth.so(HARTHOptPost::topDownPass(bool (*)(DFNode*), void (*)(DFNode*), std::__cxx11::basic_string<char, std::char_traits<char>, std::allocator<char> >)+0xf1) [0x7f9e508f6641]
/home/zou/software/vivado/Vivado/2023.1/lib/lnx64.o/librdi_synth.so(HARTHOptPost::prepDsps()+0x699) [0x7f9e508f6d49]
/home/zou/software/vivado/Vivado/2023.1/lib/lnx64.o/librdi_synth.so(HARTHOptPost::optimize()+0x1c80) [0x7f9e508fa9a0]
/home/zou/software/vivado/Vivado/2023.1/lib/lnx64.o/librdi_synth.so(HARTHOptDfg::optimizePass2()+0x1df03) [0x7f9e51105273]
/home/zou/software/vivado/Vivado/2023.1/lib/lnx64.o/librdi_synth.so(HARTNDb::optimizeAndMap()+0x1078) [0x7f9e50a3fd18]
/home/zou/software/vivado/Vivado/2023.1/lib/lnx64.o/librdi_synth.so(HARTNDb::map()+0x1b) [0x7f9e50a4066b]
/home/zou/software/vivado/Vivado/2023.1/lib/lnx64.o/librdi_synth.so(+0x14e6e13) [0x7f9e50c9ee13]
/home/zou/software/vivado/Vivado/2023.1/lib/lnx64.o/librdi_synth.so(+0x1360655) [0x7f9e50b18655]
/home/zou/software/vivado/Vivado/2023.1/lib/lnx64.o/libtcl8.5.so(+0x3356f) [0x7f9e8090756f]
/home/zou/software/vivado/Vivado/2023.1/lib/lnx64.o/libtcl8.5.so(+0x34bf8) [0x7f9e80908bf8]
/home/zou/software/vivado/Vivado/2023.1/lib/lnx64.o/libtcl8.5.so(Tcl_EvalEx+0x13) [0x7f9e80909163]
/home/zou/software/vivado/Vivado/2023.1/lib/lnx64.o/libtcl8.5.so(TclEvalObjEx+0x1e0) [0x7f9e80909380]
/home/zou/software/vivado/Vivado/2023.1/lib/lnx64.o/libtcl8.5.so(+0x3b445) [0x7f9e8090f445]
/home/zou/software/vivado/Vivado/2023.1/lib/lnx64.o/libtcl8.5.so(+0x3356f) [0x7f9e8090756f]
/home/zou/software/vivado/Vivado/2023.1/lib/lnx64.o/libtcl8.5.so(+0x76945) [0x7f9e8094a945]
/home/zou/software/vivado/Vivado/2023.1/lib/lnx64.o/libtcl8.5.so(+0x7e0f9) [0x7f9e809520f9]
/home/zou/software/vivado/Vivado/2023.1/lib/lnx64.o/libtcl8.5.so(TclEvalObjEx+0x76) [0x7f9e80909216]
/home/zou/software/vivado/Vivado/2023.1/lib/lnx64.o/librdi_commontasks.so(+0x260d41) [0x7f9e79c2cd41]
/home/zou/software/vivado/Vivado/2023.1/lib/lnx64.o/libtcl8.5.so(+0x3356f) [0x7f9e8090756f]
/home/zou/software/vivado/Vivado/2023.1/lib/lnx64.o/libtcl8.5.so(+0x76945) [0x7f9e8094a945]
/home/zou/software/vivado/Vivado/2023.1/lib/lnx64.o/libtcl8.5.so(TclObjInterpProcCore+0x420) [0x7f9e8098bed0]
/home/zou/software/vivado/Vivado/2023.1/lib/lnx64.o/libtcl8.5.so(+0x3356f) [0x7f9e8090756f]
/home/zou/software/vivado/Vivado/2023.1/lib/lnx64.o/libtcl8.5.so(+0x76945) [0x7f9e8094a945]
/home/zou/software/vivado/Vivado/2023.1/lib/lnx64.o/libtcl8.5.so(+0x7e0f9) [0x7f9e809520f9]
/home/zou/software/vivado/Vivado/2023.1/lib/lnx64.o/libtcl8.5.so(TclEvalObjEx+0x76) [0x7f9e80909216]
/home/zou/software/vivado/Vivado/2023.1/lib/lnx64.o/librdi_commontasks.so(+0x260d41) [0x7f9e79c2cd41]
/home/zou/software/vivado/Vivado/2023.1/lib/lnx64.o/libtcl8.5.so(+0x3356f) [0x7f9e8090756f]
/home/zou/software/vivado/Vivado/2023.1/lib/lnx64.o/libtcl8.5.so(+0x76945) [0x7f9e8094a945]
/home/zou/software/vivado/Vivado/2023.1/lib/lnx64.o/libtcl8.5.so(Tcl_ExprObj+0xf8) [0x7f9e80951cd8]
/home/zou/software/vivado/Vivado/2023.1/lib/lnx64.o/libtcl8.5.so(Tcl_ExprBooleanObj+0x16) [0x7f9e80907f56]
/home/zou/software/vivado/Vivado/2023.1/lib/lnx64.o/libtcl8.5.so(+0x3e7ae) [0x7f9e809127ae]
/home/zou/software/vivado/Vivado/2023.1/lib/lnx64.o/libtcl8.5.so(+0x3356f) [0x7f9e8090756f]
/home/zou/software/vivado/Vivado/2023.1/lib/lnx64.o/libtcl8.5.so(+0x34bf8) [0x7f9e80908bf8]
/home/zou/software/vivado/Vivado/2023.1/lib/lnx64.o/libtcl8.5.so(Tcl_EvalEx+0x13) [0x7f9e80909163]
/home/zou/software/vivado/Vivado/2023.1/lib/lnx64.o/libtcl8.5.so(Tcl_FSEvalFileEx+0x1da) [0x7f9e8096dd2a]
/home/zou/software/vivado/Vivado/2023.1/lib/lnx64.o/librdi_commontasks.so(+0x27cfb0) [0x7f9e79c48fb0]
/home/zou/software/vivado/Vivado/2023.1/lib/lnx64.o/librdi_common.so(+0xbcfbcf) [0x7f9e852c5bcf]
/home/zou/software/vivado/Vivado/2023.1/lib/lnx64.o/libtcl8.5.so(+0x3356f) [0x7f9e8090756f]
/home/zou/software/vivado/Vivado/2023.1/lib/lnx64.o/libtcl8.5.so(+0x76945) [0x7f9e8094a945]
/home/zou/software/vivado/Vivado/2023.1/lib/lnx64.o/libtcl8.5.so(+0x7e0f9) [0x7f9e809520f9]
/home/zou/software/vivado/Vivado/2023.1/lib/lnx64.o/libtcl8.5.so(TclEvalObjEx+0x76) [0x7f9e80909216]
/home/zou/software/vivado/Vivado/2023.1/lib/lnx64.o/libtcl8.5.so(+0xb7637) [0x7f9e8098b637]
/home/zou/software/vivado/Vivado/2023.1/lib/lnx64.o/libtcl8.5.so(+0x3356f) [0x7f9e8090756f]
/home/zou/software/vivado/Vivado/2023.1/lib/lnx64.o/libtcl8.5.so(+0x76945) [0x7f9e8094a945]
/home/zou/software/vivado/Vivado/2023.1/lib/lnx64.o/libtcl8.5.so(+0x7e0f9) [0x7f9e809520f9]
/home/zou/software/vivado/Vivado/2023.1/lib/lnx64.o/libtcl8.5.so(TclEvalObjEx+0x76) [0x7f9e80909216]
/home/zou/software/vivado/Vivado/2023.1/lib/lnx64.o/librdi_commontasks.so(+0x260c9e) [0x7f9e79c2cc9e]
/home/zou/software/vivado/Vivado/2023.1/lib/lnx64.o/libtcl8.5.so(+0x3356f) [0x7f9e8090756f]
/home/zou/software/vivado/Vivado/2023.1/lib/lnx64.o/libtcl8.5.so(+0x34bf8) [0x7f9e80908bf8]
/home/zou/software/vivado/Vivado/2023.1/lib/lnx64.o/libtcl8.5.so(+0xad566) [0x7f9e80981566]
/home/zou/software/vivado/Vivado/2023.1/lib/lnx64.o/libtcl8.5.so(+0x34785) [0x7f9e80908785]
/home/zou/software/vivado/Vivado/2023.1/lib/lnx64.o/libtcl8.5.so(Tcl_EvalEx+0x13) [0x7f9e80909163]
/home/zou/software/vivado/Vivado/2023.1/lib/lnx64.o/libtcl8.5.so(Tcl_FSEvalFileEx+0x1da) [0x7f9e8096dd2a]
/home/zou/software/vivado/Vivado/2023.1/lib/lnx64.o/librdi_commontasks.so(+0x27cfb0) [0x7f9e79c48fb0]
/home/zou/software/vivado/Vivado/2023.1/lib/lnx64.o/librdi_common.so(+0xbcfbcf) [0x7f9e852c5bcf]
/home/zou/software/vivado/Vivado/2023.1/lib/lnx64.o/libtcl8.5.so(+0x3356f) [0x7f9e8090756f]
/home/zou/software/vivado/Vivado/2023.1/lib/lnx64.o/libtcl8.5.so(Tcl_EvalObjv+0x32) [0x7f9e809076a2]
/home/zou/software/vivado/Vivado/2023.1/lib/lnx64.o/libtcl8.5.so(TclEvalObjEx+0x322) [0x7f9e809094c2]
/home/zou/software/vivado/Vivado/2023.1/lib/lnx64.o/librdi_common.so(hdi::tcltasks::task_manager::eval_in_tcl(Tcl_Interp*, Tcl_Obj*, char const*, bool)+0x7ad) [0x7f9e852c3fbd]
/home/zou/software/vivado/Vivado/2023.1/lib/lnx64.o/librdi_designutils.so(HRTInvoker::inProcessLaunch(HDGUIStatus&)+0x310) [0x7f9e6f9b91e0]
/home/zou/software/vivado/Vivado/2023.1/lib/lnx64.o/librdi_designutils.so(HRTInvoker::launch(HDGUIStatus&)+0x33) [0x7f9e6f9b9793]
/home/zou/software/vivado/Vivado/2023.1/lib/lnx64.o/librdi_vivadotasks.so(+0x718981) [0x7f9e49595981]
/home/zou/software/vivado/Vivado/2023.1/lib/lnx64.o/librdi_vivadotasks.so(+0x721442) [0x7f9e4959e442]
/home/zou/software/vivado/Vivado/2023.1/lib/lnx64.o/librdi_common.so(+0xbcfbcf) [0x7f9e852c5bcf]
/home/zou/software/vivado/Vivado/2023.1/lib/lnx64.o/libtcl8.5.so(+0x3356f) [0x7f9e8090756f]
/home/zou/software/vivado/Vivado/2023.1/lib/lnx64.o/libtcl8.5.so(+0x76945) [0x7f9e8094a945]
/home/zou/software/vivado/Vivado/2023.1/lib/lnx64.o/libtcl8.5.so(+0x7e0f9) [0x7f9e809520f9]
/home/zou/software/vivado/Vivado/2023.1/lib/lnx64.o/libtcl8.5.so(TclEvalObjEx+0x76) [0x7f9e80909216]
/home/zou/software/vivado/Vivado/2023.1/lib/lnx64.o/libtcl8.5.so(Tcl_RecordAndEvalObj+0x143) [0x7f9e80957bd3]
/home/zou/software/vivado/Vivado/2023.1/lib/lnx64.o/librdi_commontasks.so(+0x2f9cb9) [0x7f9e79cc5cb9]
/home/zou/software/vivado/Vivado/2023.1/lib/lnx64.o/libtcl8.5.so(Tcl_Main+0x620) [0x7f9e80974740]
/home/zou/software/vivado/Vivado/2023.1/lib/lnx64.o/librdi_common.so(+0xbfd38b) [0x7f9e852f338b]
/lib/x86_64-linux-gnu/libpthread.so.0(+0x8609) [0x7f9e840bf609]
/lib/x86_64-linux-gnu/libc.so.6(clone+0x43) [0x7f9e841f9133]
