#
# An unexpected error has occurred (11)
#
Stack:
/lib/x86_64-linux-gnu/libc.so.6(+0x43090) [0x7f15d5e6d090]
/mnt/newpart/Vivado/Vivado/2023.1/lib/lnx64.o/librdi_synth.so(HARTHOptPrepDsp::reduceRegisterSize(DFNode*)+0x1116) [0x7f15a2bdec86]
/mnt/newpart/Vivado/Vivado/2023.1/lib/lnx64.o/librdi_synth.so(HARTHOptPrepDsp::reduceDspRegSize(DFNode*)+0xa1) [0x7f15a2bdeed1]
/mnt/newpart/Vivado/Vivado/2023.1/lib/lnx64.o/librdi_synth.so(HARTHOptPost::topDownPass(bool (*)(DFNode*), void (*)(DFNode*), std::__cxx11::basic_string<char, std::char_traits<char>, std::allocator<char> >)+0xf1) [0x7f15a2bae641]
/mnt/newpart/Vivado/Vivado/2023.1/lib/lnx64.o/librdi_synth.so(HARTHOptPost::prepDsps()+0x699) [0x7f15a2baed49]
/mnt/newpart/Vivado/Vivado/2023.1/lib/lnx64.o/librdi_synth.so(HARTHOptPost::optimize()+0x1c80) [0x7f15a2bb29a0]
/mnt/newpart/Vivado/Vivado/2023.1/lib/lnx64.o/librdi_synth.so(HARTHOptDfg::optimizePass2()+0x1df03) [0x7f15a33bd273]
/mnt/newpart/Vivado/Vivado/2023.1/lib/lnx64.o/librdi_synth.so(HARTNDb::optimizeAndMap()+0x1078) [0x7f15a2cf7d18]
/mnt/newpart/Vivado/Vivado/2023.1/lib/lnx64.o/librdi_synth.so(HARTNDb::map()+0x1b) [0x7f15a2cf866b]
/mnt/newpart/Vivado/Vivado/2023.1/lib/lnx64.o/librdi_synth.so(+0x14e6e13) [0x7f15a2f56e13]
/mnt/newpart/Vivado/Vivado/2023.1/lib/lnx64.o/librdi_synth.so(+0x1360655) [0x7f15a2dd0655]
/mnt/newpart/Vivado/Vivado/2023.1/lib/lnx64.o/libtcl8.5.so(+0x3356f) [0x7f15d265756f]
/mnt/newpart/Vivado/Vivado/2023.1/lib/lnx64.o/libtcl8.5.so(+0x34bf8) [0x7f15d2658bf8]
/mnt/newpart/Vivado/Vivado/2023.1/lib/lnx64.o/libtcl8.5.so(Tcl_EvalEx+0x13) [0x7f15d2659163]
/mnt/newpart/Vivado/Vivado/2023.1/lib/lnx64.o/libtcl8.5.so(TclEvalObjEx+0x1e0) [0x7f15d2659380]
/mnt/newpart/Vivado/Vivado/2023.1/lib/lnx64.o/libtcl8.5.so(+0x3b445) [0x7f15d265f445]
/mnt/newpart/Vivado/Vivado/2023.1/lib/lnx64.o/libtcl8.5.so(+0x3356f) [0x7f15d265756f]
/mnt/newpart/Vivado/Vivado/2023.1/lib/lnx64.o/libtcl8.5.so(+0x76945) [0x7f15d269a945]
/mnt/newpart/Vivado/Vivado/2023.1/lib/lnx64.o/libtcl8.5.so(+0x7e0f9) [0x7f15d26a20f9]
/mnt/newpart/Vivado/Vivado/2023.1/lib/lnx64.o/libtcl8.5.so(TclEvalObjEx+0x76) [0x7f15d2659216]
/mnt/newpart/Vivado/Vivado/2023.1/lib/lnx64.o/librdi_commontasks.so(+0x260d41) [0x7f15cbee4d41]
/mnt/newpart/Vivado/Vivado/2023.1/lib/lnx64.o/libtcl8.5.so(+0x3356f) [0x7f15d265756f]
/mnt/newpart/Vivado/Vivado/2023.1/lib/lnx64.o/libtcl8.5.so(+0x76945) [0x7f15d269a945]
/mnt/newpart/Vivado/Vivado/2023.1/lib/lnx64.o/libtcl8.5.so(TclObjInterpProcCore+0x420) [0x7f15d26dbed0]
/mnt/newpart/Vivado/Vivado/2023.1/lib/lnx64.o/libtcl8.5.so(+0x3356f) [0x7f15d265756f]
/mnt/newpart/Vivado/Vivado/2023.1/lib/lnx64.o/libtcl8.5.so(+0x76945) [0x7f15d269a945]
/mnt/newpart/Vivado/Vivado/2023.1/lib/lnx64.o/libtcl8.5.so(+0x7e0f9) [0x7f15d26a20f9]
/mnt/newpart/Vivado/Vivado/2023.1/lib/lnx64.o/libtcl8.5.so(TclEvalObjEx+0x76) [0x7f15d2659216]
/mnt/newpart/Vivado/Vivado/2023.1/lib/lnx64.o/librdi_commontasks.so(+0x260d41) [0x7f15cbee4d41]
/mnt/newpart/Vivado/Vivado/2023.1/lib/lnx64.o/libtcl8.5.so(+0x3356f) [0x7f15d265756f]
/mnt/newpart/Vivado/Vivado/2023.1/lib/lnx64.o/libtcl8.5.so(+0x76945) [0x7f15d269a945]
/mnt/newpart/Vivado/Vivado/2023.1/lib/lnx64.o/libtcl8.5.so(Tcl_ExprObj+0xf8) [0x7f15d26a1cd8]
/mnt/newpart/Vivado/Vivado/2023.1/lib/lnx64.o/libtcl8.5.so(Tcl_ExprBooleanObj+0x16) [0x7f15d2657f56]
/mnt/newpart/Vivado/Vivado/2023.1/lib/lnx64.o/libtcl8.5.so(+0x3e7ae) [0x7f15d26627ae]
/mnt/newpart/Vivado/Vivado/2023.1/lib/lnx64.o/libtcl8.5.so(+0x3356f) [0x7f15d265756f]
/mnt/newpart/Vivado/Vivado/2023.1/lib/lnx64.o/libtcl8.5.so(+0x34bf8) [0x7f15d2658bf8]
/mnt/newpart/Vivado/Vivado/2023.1/lib/lnx64.o/libtcl8.5.so(Tcl_EvalEx+0x13) [0x7f15d2659163]
/mnt/newpart/Vivado/Vivado/2023.1/lib/lnx64.o/libtcl8.5.so(Tcl_FSEvalFileEx+0x1da) [0x7f15d26bdd2a]
/mnt/newpart/Vivado/Vivado/2023.1/lib/lnx64.o/librdi_commontasks.so(+0x27cfb0) [0x7f15cbf00fb0]
/mnt/newpart/Vivado/Vivado/2023.1/lib/lnx64.o/librdi_common.so(+0xbcfbcf) [0x7f15d701abcf]
/mnt/newpart/Vivado/Vivado/2023.1/lib/lnx64.o/libtcl8.5.so(+0x3356f) [0x7f15d265756f]
/mnt/newpart/Vivado/Vivado/2023.1/lib/lnx64.o/libtcl8.5.so(+0x76945) [0x7f15d269a945]
/mnt/newpart/Vivado/Vivado/2023.1/lib/lnx64.o/libtcl8.5.so(+0x7e0f9) [0x7f15d26a20f9]
/mnt/newpart/Vivado/Vivado/2023.1/lib/lnx64.o/libtcl8.5.so(TclEvalObjEx+0x76) [0x7f15d2659216]
/mnt/newpart/Vivado/Vivado/2023.1/lib/lnx64.o/libtcl8.5.so(+0xb7637) [0x7f15d26db637]
/mnt/newpart/Vivado/Vivado/2023.1/lib/lnx64.o/libtcl8.5.so(+0x3356f) [0x7f15d265756f]
/mnt/newpart/Vivado/Vivado/2023.1/lib/lnx64.o/libtcl8.5.so(+0x76945) [0x7f15d269a945]
/mnt/newpart/Vivado/Vivado/2023.1/lib/lnx64.o/libtcl8.5.so(+0x7e0f9) [0x7f15d26a20f9]
/mnt/newpart/Vivado/Vivado/2023.1/lib/lnx64.o/libtcl8.5.so(TclEvalObjEx+0x76) [0x7f15d2659216]
/mnt/newpart/Vivado/Vivado/2023.1/lib/lnx64.o/librdi_commontasks.so(+0x260c9e) [0x7f15cbee4c9e]
/mnt/newpart/Vivado/Vivado/2023.1/lib/lnx64.o/libtcl8.5.so(+0x3356f) [0x7f15d265756f]
/mnt/newpart/Vivado/Vivado/2023.1/lib/lnx64.o/libtcl8.5.so(+0x34bf8) [0x7f15d2658bf8]
/mnt/newpart/Vivado/Vivado/2023.1/lib/lnx64.o/libtcl8.5.so(+0xad566) [0x7f15d26d1566]
/mnt/newpart/Vivado/Vivado/2023.1/lib/lnx64.o/libtcl8.5.so(+0x34785) [0x7f15d2658785]
/mnt/newpart/Vivado/Vivado/2023.1/lib/lnx64.o/libtcl8.5.so(Tcl_EvalEx+0x13) [0x7f15d2659163]
/mnt/newpart/Vivado/Vivado/2023.1/lib/lnx64.o/libtcl8.5.so(Tcl_FSEvalFileEx+0x1da) [0x7f15d26bdd2a]
/mnt/newpart/Vivado/Vivado/2023.1/lib/lnx64.o/librdi_commontasks.so(+0x27cfb0) [0x7f15cbf00fb0]
/mnt/newpart/Vivado/Vivado/2023.1/lib/lnx64.o/librdi_common.so(+0xbcfbcf) [0x7f15d701abcf]
/mnt/newpart/Vivado/Vivado/2023.1/lib/lnx64.o/libtcl8.5.so(+0x3356f) [0x7f15d265756f]
/mnt/newpart/Vivado/Vivado/2023.1/lib/lnx64.o/libtcl8.5.so(Tcl_EvalObjv+0x32) [0x7f15d26576a2]
/mnt/newpart/Vivado/Vivado/2023.1/lib/lnx64.o/libtcl8.5.so(TclEvalObjEx+0x322) [0x7f15d26594c2]
/mnt/newpart/Vivado/Vivado/2023.1/lib/lnx64.o/librdi_common.so(hdi::tcltasks::task_manager::eval_in_tcl(Tcl_Interp*, Tcl_Obj*, char const*, bool)+0x7ad) [0x7f15d7018fbd]
/mnt/newpart/Vivado/Vivado/2023.1/lib/lnx64.o/librdi_designutils.so(HRTInvoker::inProcessLaunch(HDGUIStatus&)+0x310) [0x7f15c1c711e0]
/mnt/newpart/Vivado/Vivado/2023.1/lib/lnx64.o/librdi_designutils.so(HRTInvoker::launch(HDGUIStatus&)+0x33) [0x7f15c1c71793]
/mnt/newpart/Vivado/Vivado/2023.1/lib/lnx64.o/librdi_vivadotasks.so(+0x718981) [0x7f159b848981]
/mnt/newpart/Vivado/Vivado/2023.1/lib/lnx64.o/librdi_vivadotasks.so(+0x721442) [0x7f159b851442]
/mnt/newpart/Vivado/Vivado/2023.1/lib/lnx64.o/librdi_common.so(+0xbcfbcf) [0x7f15d701abcf]
/mnt/newpart/Vivado/Vivado/2023.1/lib/lnx64.o/libtcl8.5.so(+0x3356f) [0x7f15d265756f]
/mnt/newpart/Vivado/Vivado/2023.1/lib/lnx64.o/libtcl8.5.so(+0x76945) [0x7f15d269a945]
/mnt/newpart/Vivado/Vivado/2023.1/lib/lnx64.o/libtcl8.5.so(+0x7e0f9) [0x7f15d26a20f9]
/mnt/newpart/Vivado/Vivado/2023.1/lib/lnx64.o/libtcl8.5.so(TclEvalObjEx+0x76) [0x7f15d2659216]
/mnt/newpart/Vivado/Vivado/2023.1/lib/lnx64.o/libtcl8.5.so(Tcl_RecordAndEvalObj+0x143) [0x7f15d26a7bd3]
/mnt/newpart/Vivado/Vivado/2023.1/lib/lnx64.o/librdi_commontasks.so(+0x2f9cb9) [0x7f15cbf7dcb9]
/mnt/newpart/Vivado/Vivado/2023.1/lib/lnx64.o/libtcl8.5.so(Tcl_Main+0x620) [0x7f15d26c4740]
/mnt/newpart/Vivado/Vivado/2023.1/lib/lnx64.o/librdi_common.so(+0xbfd38b) [0x7f15d704838b]
/lib/x86_64-linux-gnu/libpthread.so.0(+0x8609) [0x7f15d5e0f609]
/lib/x86_64-linux-gnu/libc.so.6(clone+0x43) [0x7f15d5f49133]
