#
# An unexpected error has occurred (11)
#
Stack:
/lib/x86_64-linux-gnu/libc.so.6(+0x43090) [0x7fcf75e84090]
/home/zou/software/vivado/Vivado/2023.1/lib/lnx64.o/librdi_common.so(Cudd_Ref+0x4) [0x7fcf773b76c4]
/home/zou/software/vivado/Vivado/2023.1/lib/lnx64.o/librdi_common.so(DD::DD(Cudd*, DdNode*)+0x2c) [0x7fcf773d52fc]
/home/zou/software/vivado/Vivado/2023.1/lib/lnx64.o/librdi_common.so(ABDD::ABDD(Cudd*, DdNode*)+0x9) [0x7fcf773d57e9]
/home/zou/software/vivado/Vivado/2023.1/lib/lnx64.o/librdi_common.so(BDD::BDD(Cudd*, DdNode*)+0x9) [0x7fcf773d5959]
/home/zou/software/vivado/Vivado/2023.1/lib/lnx64.o/librdi_common.so(BDD::operator~() const+0x15) [0x7fcf773d5d25]
/home/zou/software/vivado/Vivado/2023.1/lib/lnx64.o/librdi_synth.so(SFunction::operator^(SFunction const&)+0x66) [0x7fcf4399f886]
/home/zou/software/vivado/Vivado/2023.1/lib/lnx64.o/librdi_synth.so(GLogicGenerate::createFunctionForEQ(DFNode*, bool)+0x1df) [0x7fcf434c837f]
/home/zou/software/vivado/Vivado/2023.1/lib/lnx64.o/librdi_synth.so(GLogicGenerate::createFunctionForBinary(DFNode*, unsigned int)+0x52) [0x7fcf434ca5e2]
/home/zou/software/vivado/Vivado/2023.1/lib/lnx64.o/librdi_synth.so(GLogicGenerate::createFunction(DFPin*, unsigned int, bool, bool)+0x5b5) [0x7fcf434d1015]
/home/zou/software/vivado/Vivado/2023.1/lib/lnx64.o/librdi_synth.so(GLogicGenerate::createFunction(DFEdge*, unsigned int, bool)+0x34) [0x7fcf434c38b4]
/home/zou/software/vivado/Vivado/2023.1/lib/lnx64.o/librdi_synth.so(GLogicGenerate::implement(DFPin*)+0x362) [0x7fcf434ce892]
/home/zou/software/vivado/Vivado/2023.1/lib/lnx64.o/librdi_synth.so(GLogicGenerate::generate()+0x1d5) [0x7fcf434cf495]
/home/zou/software/vivado/Vivado/2023.1/lib/lnx64.o/librdi_synth.so(GLogicGenerate::GLogicGenerate(DFGraph*, NBaseMod, Cudd&, bool, GLogicBddToGate*)+0x210) [0x7fcf434cf9c0]
/home/zou/software/vivado/Vivado/2023.1/lib/lnx64.o/librdi_synth.so(GLogicGen::regenerate(bool, bool)+0x70) [0x7fcf434cfa80]
/home/zou/software/vivado/Vivado/2023.1/lib/lnx64.o/librdi_synth.so(HARTGLogicGen::regenerate(bool, bool)+0x2e1) [0x7fcf42bbd091]
/home/zou/software/vivado/Vivado/2023.1/lib/lnx64.o/librdi_synth.so(GLogicGen::generate(bool, bool)+0x2a) [0x7fcf434c3f7a]
/home/zou/software/vivado/Vivado/2023.1/lib/lnx64.o/librdi_synth.so(GLogic::GLogic(NRealMod, DFGraph*, bool, bool)+0x8a) [0x7fcf439c261a]
/home/zou/software/vivado/Vivado/2023.1/lib/lnx64.o/librdi_synth.so(HSynMod::createNonModGraph(DFNode*, bool)+0x9bc) [0x7fcf438cf68c]
/home/zou/software/vivado/Vivado/2023.1/lib/lnx64.o/librdi_synth.so(HSynMod::connectGraph(DFNode*)+0xa6) [0x7fcf438df9e6]
/home/zou/software/vivado/Vivado/2023.1/lib/lnx64.o/librdi_synth.so(HSynMod::connectInputPin(SPinArray*, DFPin*)+0x37b) [0x7fcf438de82b]
/home/zou/software/vivado/Vivado/2023.1/lib/lnx64.o/librdi_synth.so(HSynMod::connectGraph(DFNode*)+0x78) [0x7fcf438df9b8]
/home/zou/software/vivado/Vivado/2023.1/lib/lnx64.o/librdi_synth.so(HSynMod::connectInputPin(SPinArray*, DFPin*)+0x37b) [0x7fcf438de82b]
/home/zou/software/vivado/Vivado/2023.1/lib/lnx64.o/librdi_synth.so(HSynMod::connectNets()+0x74) [0x7fcf438e0264]
/home/zou/software/vivado/Vivado/2023.1/lib/lnx64.o/librdi_synth.so(HSynMod::regenerate(bool)+0x24) [0x7fcf438d9464]
/home/zou/software/vivado/Vivado/2023.1/lib/lnx64.o/librdi_synth.so(HARTGLogicGen::partitionLogicAndGenerate(bool, bool, int)+0x47e) [0x7fcf42bbc91e]
/home/zou/software/vivado/Vivado/2023.1/lib/lnx64.o/librdi_synth.so(HARTGLogicGen::regenerate(bool, bool)+0x6e2) [0x7fcf42bbd492]
/home/zou/software/vivado/Vivado/2023.1/lib/lnx64.o/librdi_synth.so(GLogicGen::generate(bool, bool)+0x2a) [0x7fcf434c3f7a]
/home/zou/software/vivado/Vivado/2023.1/lib/lnx64.o/librdi_synth.so(GLogic::GLogic(NRealMod, DFGraph*, bool, bool)+0x8a) [0x7fcf439c261a]
/home/zou/software/vivado/Vivado/2023.1/lib/lnx64.o/librdi_synth.so(HSynMod::createNonModGraph(DFNode*, bool)+0x9bc) [0x7fcf438cf68c]
/home/zou/software/vivado/Vivado/2023.1/lib/lnx64.o/librdi_synth.so(HSynMod::connectGraph(DFNode*)+0xa6) [0x7fcf438df9e6]
/home/zou/software/vivado/Vivado/2023.1/lib/lnx64.o/librdi_synth.so(HSynMod::connectInputPin(SPinArray*, DFPin*)+0x37b) [0x7fcf438de82b]
/home/zou/software/vivado/Vivado/2023.1/lib/lnx64.o/librdi_synth.so(HSynMod::connectGraph(DFNode*)+0x78) [0x7fcf438df9b8]
/home/zou/software/vivado/Vivado/2023.1/lib/lnx64.o/librdi_synth.so(HSynMod::connectInputPin(SPinArray*, DFPin*)+0x37b) [0x7fcf438de82b]
/home/zou/software/vivado/Vivado/2023.1/lib/lnx64.o/librdi_synth.so(HSynMod::connectGraph(DFNode*)+0x78) [0x7fcf438df9b8]
/home/zou/software/vivado/Vivado/2023.1/lib/lnx64.o/librdi_synth.so(HSynMod::connectInputPin(SPinArray*, DFPin*)+0x37b) [0x7fcf438de82b]
/home/zou/software/vivado/Vivado/2023.1/lib/lnx64.o/librdi_synth.so(HSynMod::connectBitConcat(DFNode*)+0xdb) [0x7fcf438df0db]
/home/zou/software/vivado/Vivado/2023.1/lib/lnx64.o/librdi_synth.so(HSynMod::connectInputPin(SPinArray*, DFPin*)+0x2a0) [0x7fcf438de750]
/home/zou/software/vivado/Vivado/2023.1/lib/lnx64.o/librdi_synth.so(HSynMod::connectNets()+0x74) [0x7fcf438e0264]
/home/zou/software/vivado/Vivado/2023.1/lib/lnx64.o/librdi_synth.so(HSynMod::HSynMod(NDes, NRealMod, DFGraph*, ElabPdInst const*, bool, NClkGtParam*, bool, bool, bool)+0x2d5) [0x7fcf438d9785]
/home/zou/software/vivado/Vivado/2023.1/lib/lnx64.o/librdi_synth.so(HSynMod::createHierarchicalInstance(DFNode*)+0xb1) [0x7fcf438ce151]
/home/zou/software/vivado/Vivado/2023.1/lib/lnx64.o/librdi_synth.so(HSynMod::handleModuleGraph(DFNode*, DFGraph*, bool)+0x20) [0x7fcf438ceb00]
/home/zou/software/vivado/Vivado/2023.1/lib/lnx64.o/librdi_synth.so(HSynMod::createInstances()+0x79d) [0x7fcf438d121d]
/home/zou/software/vivado/Vivado/2023.1/lib/lnx64.o/librdi_synth.so(HSynMod::HSynMod(NDes, NRealMod, DFGraph*, ElabPdInst const*, bool, NClkGtParam*, bool, bool, bool)+0x2cd) [0x7fcf438d977d]
/home/zou/software/vivado/Vivado/2023.1/lib/lnx64.o/librdi_synth.so(HSynMod::createHierarchicalInstance(DFNode*)+0xb1) [0x7fcf438ce151]
/home/zou/software/vivado/Vivado/2023.1/lib/lnx64.o/librdi_synth.so(HSynMod::handleModuleGraph(DFNode*, DFGraph*, bool)+0x20) [0x7fcf438ceb00]
/home/zou/software/vivado/Vivado/2023.1/lib/lnx64.o/librdi_synth.so(HSynMod::createInstances()+0x79d) [0x7fcf438d121d]
/home/zou/software/vivado/Vivado/2023.1/lib/lnx64.o/librdi_synth.so(HSynMod::regenerate(bool)+0x1c) [0x7fcf438d945c]
/home/zou/software/vivado/Vivado/2023.1/lib/lnx64.o/librdi_synth.so(GSyn::generate(NRealMod, bool)+0x352) [0x7fcf43437cb2]
/home/zou/software/vivado/Vivado/2023.1/lib/lnx64.o/librdi_synth.so(NRealMod::regenerate(bool)+0x27) [0x7fcf43437e37]
/home/zou/software/vivado/Vivado/2023.1/lib/lnx64.o/librdi_synth.so(HARTNDb::optimizeAndMap()+0x9bb) [0x7fcf427a665b]
/home/zou/software/vivado/Vivado/2023.1/lib/lnx64.o/librdi_synth.so(HARTNDb::map()+0x1b) [0x7fcf427a766b]
/home/zou/software/vivado/Vivado/2023.1/lib/lnx64.o/librdi_synth.so(+0x14e6e13) [0x7fcf42a05e13]
/home/zou/software/vivado/Vivado/2023.1/lib/lnx64.o/librdi_synth.so(+0x1360655) [0x7fcf4287f655]
/home/zou/software/vivado/Vivado/2023.1/lib/lnx64.o/libtcl8.5.so(+0x3356f) [0x7fcf7266e56f]
/home/zou/software/vivado/Vivado/2023.1/lib/lnx64.o/libtcl8.5.so(+0x34bf8) [0x7fcf7266fbf8]
/home/zou/software/vivado/Vivado/2023.1/lib/lnx64.o/libtcl8.5.so(Tcl_EvalEx+0x13) [0x7fcf72670163]
/home/zou/software/vivado/Vivado/2023.1/lib/lnx64.o/libtcl8.5.so(TclEvalObjEx+0x1e0) [0x7fcf72670380]
/home/zou/software/vivado/Vivado/2023.1/lib/lnx64.o/libtcl8.5.so(+0x3b445) [0x7fcf72676445]
/home/zou/software/vivado/Vivado/2023.1/lib/lnx64.o/libtcl8.5.so(+0x3356f) [0x7fcf7266e56f]
/home/zou/software/vivado/Vivado/2023.1/lib/lnx64.o/libtcl8.5.so(+0x76945) [0x7fcf726b1945]
/home/zou/software/vivado/Vivado/2023.1/lib/lnx64.o/libtcl8.5.so(+0x7e0f9) [0x7fcf726b90f9]
/home/zou/software/vivado/Vivado/2023.1/lib/lnx64.o/libtcl8.5.so(TclEvalObjEx+0x76) [0x7fcf72670216]
/home/zou/software/vivado/Vivado/2023.1/lib/lnx64.o/librdi_commontasks.so(+0x260d41) [0x7fcf6b993d41]
/home/zou/software/vivado/Vivado/2023.1/lib/lnx64.o/libtcl8.5.so(+0x3356f) [0x7fcf7266e56f]
/home/zou/software/vivado/Vivado/2023.1/lib/lnx64.o/libtcl8.5.so(+0x76945) [0x7fcf726b1945]
/home/zou/software/vivado/Vivado/2023.1/lib/lnx64.o/libtcl8.5.so(TclObjInterpProcCore+0x420) [0x7fcf726f2ed0]
/home/zou/software/vivado/Vivado/2023.1/lib/lnx64.o/libtcl8.5.so(+0x3356f) [0x7fcf7266e56f]
/home/zou/software/vivado/Vivado/2023.1/lib/lnx64.o/libtcl8.5.so(+0x76945) [0x7fcf726b1945]
/home/zou/software/vivado/Vivado/2023.1/lib/lnx64.o/libtcl8.5.so(+0x7e0f9) [0x7fcf726b90f9]
/home/zou/software/vivado/Vivado/2023.1/lib/lnx64.o/libtcl8.5.so(TclEvalObjEx+0x76) [0x7fcf72670216]
/home/zou/software/vivado/Vivado/2023.1/lib/lnx64.o/librdi_commontasks.so(+0x260d41) [0x7fcf6b993d41]
/home/zou/software/vivado/Vivado/2023.1/lib/lnx64.o/libtcl8.5.so(+0x3356f) [0x7fcf7266e56f]
/home/zou/software/vivado/Vivado/2023.1/lib/lnx64.o/libtcl8.5.so(+0x76945) [0x7fcf726b1945]
/home/zou/software/vivado/Vivado/2023.1/lib/lnx64.o/libtcl8.5.so(Tcl_ExprObj+0xf8) [0x7fcf726b8cd8]
/home/zou/software/vivado/Vivado/2023.1/lib/lnx64.o/libtcl8.5.so(Tcl_ExprBooleanObj+0x16) [0x7fcf7266ef56]
/home/zou/software/vivado/Vivado/2023.1/lib/lnx64.o/libtcl8.5.so(+0x3e7ae) [0x7fcf726797ae]
/home/zou/software/vivado/Vivado/2023.1/lib/lnx64.o/libtcl8.5.so(+0x3356f) [0x7fcf7266e56f]
/home/zou/software/vivado/Vivado/2023.1/lib/lnx64.o/libtcl8.5.so(+0x34bf8) [0x7fcf7266fbf8]
/home/zou/software/vivado/Vivado/2023.1/lib/lnx64.o/libtcl8.5.so(Tcl_EvalEx+0x13) [0x7fcf72670163]
/home/zou/software/vivado/Vivado/2023.1/lib/lnx64.o/libtcl8.5.so(Tcl_FSEvalFileEx+0x1da) [0x7fcf726d4d2a]
/home/zou/software/vivado/Vivado/2023.1/lib/lnx64.o/librdi_commontasks.so(+0x27cfb0) [0x7fcf6b9affb0]
/home/zou/software/vivado/Vivado/2023.1/lib/lnx64.o/librdi_common.so(+0xbcfbcf) [0x7fcf7702cbcf]
/home/zou/software/vivado/Vivado/2023.1/lib/lnx64.o/libtcl8.5.so(+0x3356f) [0x7fcf7266e56f]
/home/zou/software/vivado/Vivado/2023.1/lib/lnx64.o/libtcl8.5.so(+0x76945) [0x7fcf726b1945]
/home/zou/software/vivado/Vivado/2023.1/lib/lnx64.o/libtcl8.5.so(+0x7e0f9) [0x7fcf726b90f9]
/home/zou/software/vivado/Vivado/2023.1/lib/lnx64.o/libtcl8.5.so(TclEvalObjEx+0x76) [0x7fcf72670216]
/home/zou/software/vivado/Vivado/2023.1/lib/lnx64.o/libtcl8.5.so(+0xb7637) [0x7fcf726f2637]
/home/zou/software/vivado/Vivado/2023.1/lib/lnx64.o/libtcl8.5.so(+0x3356f) [0x7fcf7266e56f]
/home/zou/software/vivado/Vivado/2023.1/lib/lnx64.o/libtcl8.5.so(+0x76945) [0x7fcf726b1945]
/home/zou/software/vivado/Vivado/2023.1/lib/lnx64.o/libtcl8.5.so(+0x7e0f9) [0x7fcf726b90f9]
/home/zou/software/vivado/Vivado/2023.1/lib/lnx64.o/libtcl8.5.so(TclEvalObjEx+0x76) [0x7fcf72670216]
/home/zou/software/vivado/Vivado/2023.1/lib/lnx64.o/librdi_commontasks.so(+0x260c9e) [0x7fcf6b993c9e]
/home/zou/software/vivado/Vivado/2023.1/lib/lnx64.o/libtcl8.5.so(+0x3356f) [0x7fcf7266e56f]
/home/zou/software/vivado/Vivado/2023.1/lib/lnx64.o/libtcl8.5.so(+0x34bf8) [0x7fcf7266fbf8]
/home/zou/software/vivado/Vivado/2023.1/lib/lnx64.o/libtcl8.5.so(+0xad566) [0x7fcf726e8566]
/home/zou/software/vivado/Vivado/2023.1/lib/lnx64.o/libtcl8.5.so(+0x34785) [0x7fcf7266f785]
/home/zou/software/vivado/Vivado/2023.1/lib/lnx64.o/libtcl8.5.so(Tcl_EvalEx+0x13) [0x7fcf72670163]
/home/zou/software/vivado/Vivado/2023.1/lib/lnx64.o/libtcl8.5.so(Tcl_FSEvalFileEx+0x1da) [0x7fcf726d4d2a]
/home/zou/software/vivado/Vivado/2023.1/lib/lnx64.o/librdi_commontasks.so(+0x27cfb0) [0x7fcf6b9affb0]
/home/zou/software/vivado/Vivado/2023.1/lib/lnx64.o/librdi_common.so(+0xbcfbcf) [0x7fcf7702cbcf]
/home/zou/software/vivado/Vivado/2023.1/lib/lnx64.o/libtcl8.5.so(+0x3356f) [0x7fcf7266e56f]
/home/zou/software/vivado/Vivado/2023.1/lib/lnx64.o/libtcl8.5.so(Tcl_EvalObjv+0x32) [0x7fcf7266e6a2]
/home/zou/software/vivado/Vivado/2023.1/lib/lnx64.o/libtcl8.5.so(TclEvalObjEx+0x322) [0x7fcf726704c2]
/home/zou/software/vivado/Vivado/2023.1/lib/lnx64.o/librdi_common.so(hdi::tcltasks::task_manager::eval_in_tcl(Tcl_Interp*, Tcl_Obj*, char const*, bool)+0x7ad) [0x7fcf7702afbd]
/home/zou/software/vivado/Vivado/2023.1/lib/lnx64.o/librdi_designutils.so(HRTInvoker::inProcessLaunch(HDGUIStatus&)+0x310) [0x7fcf617201e0]
/home/zou/software/vivado/Vivado/2023.1/lib/lnx64.o/librdi_designutils.so(HRTInvoker::launch(HDGUIStatus&)+0x33) [0x7fcf61720793]
/home/zou/software/vivado/Vivado/2023.1/lib/lnx64.o/librdi_vivadotasks.so(+0x718981) [0x7fcf3b2fc981]
/home/zou/software/vivado/Vivado/2023.1/lib/lnx64.o/librdi_vivadotasks.so(+0x721442) [0x7fcf3b305442]
/home/zou/software/vivado/Vivado/2023.1/lib/lnx64.o/librdi_common.so(+0xbcfbcf) [0x7fcf7702cbcf]
/home/zou/software/vivado/Vivado/2023.1/lib/lnx64.o/libtcl8.5.so(+0x3356f) [0x7fcf7266e56f]
/home/zou/software/vivado/Vivado/2023.1/lib/lnx64.o/libtcl8.5.so(+0x76945) [0x7fcf726b1945]
/home/zou/software/vivado/Vivado/2023.1/lib/lnx64.o/libtcl8.5.so(+0x7e0f9) [0x7fcf726b90f9]
/home/zou/software/vivado/Vivado/2023.1/lib/lnx64.o/libtcl8.5.so(TclEvalObjEx+0x76) [0x7fcf72670216]
/home/zou/software/vivado/Vivado/2023.1/lib/lnx64.o/libtcl8.5.so(Tcl_RecordAndEvalObj+0x143) [0x7fcf726bebd3]
/home/zou/software/vivado/Vivado/2023.1/lib/lnx64.o/librdi_commontasks.so(+0x2f9cb9) [0x7fcf6ba2ccb9]
/home/zou/software/vivado/Vivado/2023.1/lib/lnx64.o/libtcl8.5.so(Tcl_Main+0x620) [0x7fcf726db740]
/home/zou/software/vivado/Vivado/2023.1/lib/lnx64.o/librdi_common.so(+0xbfd38b) [0x7fcf7705a38b]
/lib/x86_64-linux-gnu/libpthread.so.0(+0x8609) [0x7fcf75e26609]
/lib/x86_64-linux-gnu/libc.so.6(clone+0x43) [0x7fcf75f60133]
