#
# An unexpected error has occurred (11)
#
Stack:
/lib/x86_64-linux-gnu/libc.so.6(+0x43090) [0x7f7677ef1090]
/home/zou/software/vivado/Vivado/2023.1/lib/lnx64.o/librdi_synth.so(DFPin::moveOrigin(DFPin*)+0x3a) [0x7f7645cab1fa]
/home/zou/software/vivado/Vivado/2023.1/lib/lnx64.o/librdi_synth.so(DFRange::removeRedundantBinaryLogicOperator()+0x222) [0x7f76458d3152]
/home/zou/software/vivado/Vivado/2023.1/lib/lnx64.o/librdi_synth.so(DFRangeOpt::removeRedundantNodes(UList<DFNode*, UListNode<DFNode*>, DFNode*, UEValue<DFNode*, UListNode<DFNode*> > >&)+0x38) [0x7f76458d3348]
/home/zou/software/vivado/Vivado/2023.1/lib/lnx64.o/librdi_synth.so(DFRangeOpt::doRangeOptDfg()+0x18b) [0x7f76458e88fb]
/home/zou/software/vivado/Vivado/2023.1/lib/lnx64.o/librdi_synth.so(HOptDfg::doRangeOptimizationDfg(DFGraph*)+0x3b) [0x7f76458e897b]
/home/zou/software/vivado/Vivado/2023.1/lib/lnx64.o/librdi_synth.so(HARTHOptDfg::optimizePass1()+0x21876) [0x7f7644e90256]
/home/zou/software/vivado/Vivado/2023.1/lib/lnx64.o/librdi_synth.so(HARTNDb::dfgOptPass1Recur(DFGraph*, NRealMod, DFNode*, UHashSet<DFGraph*, DFGraph*, UEKey<DFGraph*>, UHashSetNode<DFGraph*>, DFGraph*, UEValue<DFGraph*, UHashSetNode<DFGraph*> > >&, UHashSet<DFGraph*, DFGraph*, UEKey<DFGraph*>, UHashSetNode<DFGraph*>, DFGraph*, UEValue<DFGraph*, UHashSetNode<DFGraph*> > >&)+0x3fd) [0x7f764487b6ad]
/home/zou/software/vivado/Vivado/2023.1/lib/lnx64.o/librdi_synth.so(HARTNDb::sequentialDFGOptPass1()+0x7d) [0x7f764487bebd]
/home/zou/software/vivado/Vivado/2023.1/lib/lnx64.o/librdi_synth.so(HARTNDb::processParallelDFGOptPass1(UString const&)+0x190) [0x7f764487c1f0]
/home/zou/software/vivado/Vivado/2023.1/lib/lnx64.o/librdi_synth.so(HARTNDb::elaborate(UString const&, bool, bool, char const*)+0x14b) [0x7f76447e548b]
/home/zou/software/vivado/Vivado/2023.1/lib/lnx64.o/librdi_synth.so(HARTNDb::synthesize(UString const&, bool, bool, char const*)+0x275) [0x7f7644814905]
/home/zou/software/vivado/Vivado/2023.1/lib/lnx64.o/librdi_synth.so(+0x140b4bb) [0x7f76449974bb]
/home/zou/software/vivado/Vivado/2023.1/lib/lnx64.o/librdi_synth.so(+0x140b683) [0x7f7644997683]
/home/zou/software/vivado/Vivado/2023.1/lib/lnx64.o/librdi_synth.so(+0x1360655) [0x7f76448ec655]
/home/zou/software/vivado/Vivado/2023.1/lib/lnx64.o/libtcl8.5.so(+0x3356f) [0x7f76746db56f]
/home/zou/software/vivado/Vivado/2023.1/lib/lnx64.o/libtcl8.5.so(+0x76945) [0x7f767471e945]
/home/zou/software/vivado/Vivado/2023.1/lib/lnx64.o/libtcl8.5.so(TclObjInterpProcCore+0x420) [0x7f767475fed0]
/home/zou/software/vivado/Vivado/2023.1/lib/lnx64.o/libtcl8.5.so(+0x3356f) [0x7f76746db56f]
/home/zou/software/vivado/Vivado/2023.1/lib/lnx64.o/libtcl8.5.so(+0x34bf8) [0x7f76746dcbf8]
/home/zou/software/vivado/Vivado/2023.1/lib/lnx64.o/libtcl8.5.so(Tcl_EvalEx+0x13) [0x7f76746dd163]
/home/zou/software/vivado/Vivado/2023.1/lib/lnx64.o/libtcl8.5.so(TclEvalObjEx+0x1e0) [0x7f76746dd380]
/home/zou/software/vivado/Vivado/2023.1/lib/lnx64.o/libtcl8.5.so(+0x3b445) [0x7f76746e3445]
/home/zou/software/vivado/Vivado/2023.1/lib/lnx64.o/libtcl8.5.so(+0x3356f) [0x7f76746db56f]
/home/zou/software/vivado/Vivado/2023.1/lib/lnx64.o/libtcl8.5.so(+0x76945) [0x7f767471e945]
/home/zou/software/vivado/Vivado/2023.1/lib/lnx64.o/libtcl8.5.so(+0x7e0f9) [0x7f76747260f9]
/home/zou/software/vivado/Vivado/2023.1/lib/lnx64.o/libtcl8.5.so(TclEvalObjEx+0x76) [0x7f76746dd216]
/home/zou/software/vivado/Vivado/2023.1/lib/lnx64.o/librdi_commontasks.so(+0x260d41) [0x7f766da00d41]
/home/zou/software/vivado/Vivado/2023.1/lib/lnx64.o/libtcl8.5.so(+0x3356f) [0x7f76746db56f]
/home/zou/software/vivado/Vivado/2023.1/lib/lnx64.o/libtcl8.5.so(+0x76945) [0x7f767471e945]
/home/zou/software/vivado/Vivado/2023.1/lib/lnx64.o/libtcl8.5.so(TclObjInterpProcCore+0x420) [0x7f767475fed0]
/home/zou/software/vivado/Vivado/2023.1/lib/lnx64.o/libtcl8.5.so(+0x3356f) [0x7f76746db56f]
/home/zou/software/vivado/Vivado/2023.1/lib/lnx64.o/libtcl8.5.so(+0x76945) [0x7f767471e945]
/home/zou/software/vivado/Vivado/2023.1/lib/lnx64.o/libtcl8.5.so(+0x7e0f9) [0x7f76747260f9]
/home/zou/software/vivado/Vivado/2023.1/lib/lnx64.o/libtcl8.5.so(TclEvalObjEx+0x76) [0x7f76746dd216]
/home/zou/software/vivado/Vivado/2023.1/lib/lnx64.o/libtcl8.5.so(+0xb7637) [0x7f767475f637]
/home/zou/software/vivado/Vivado/2023.1/lib/lnx64.o/libtcl8.5.so(+0x3356f) [0x7f76746db56f]
/home/zou/software/vivado/Vivado/2023.1/lib/lnx64.o/libtcl8.5.so(+0x76945) [0x7f767471e945]
/home/zou/software/vivado/Vivado/2023.1/lib/lnx64.o/libtcl8.5.so(+0x7e0f9) [0x7f76747260f9]
/home/zou/software/vivado/Vivado/2023.1/lib/lnx64.o/libtcl8.5.so(TclEvalObjEx+0x76) [0x7f76746dd216]
/home/zou/software/vivado/Vivado/2023.1/lib/lnx64.o/librdi_commontasks.so(+0x260c9e) [0x7f766da00c9e]
/home/zou/software/vivado/Vivado/2023.1/lib/lnx64.o/libtcl8.5.so(+0x3356f) [0x7f76746db56f]
/home/zou/software/vivado/Vivado/2023.1/lib/lnx64.o/libtcl8.5.so(+0x34bf8) [0x7f76746dcbf8]
/home/zou/software/vivado/Vivado/2023.1/lib/lnx64.o/libtcl8.5.so(+0xad566) [0x7f7674755566]
/home/zou/software/vivado/Vivado/2023.1/lib/lnx64.o/libtcl8.5.so(+0x34785) [0x7f76746dc785]
/home/zou/software/vivado/Vivado/2023.1/lib/lnx64.o/libtcl8.5.so(Tcl_EvalEx+0x13) [0x7f76746dd163]
/home/zou/software/vivado/Vivado/2023.1/lib/lnx64.o/libtcl8.5.so(Tcl_FSEvalFileEx+0x1da) [0x7f7674741d2a]
/home/zou/software/vivado/Vivado/2023.1/lib/lnx64.o/librdi_commontasks.so(+0x27cfb0) [0x7f766da1cfb0]
/home/zou/software/vivado/Vivado/2023.1/lib/lnx64.o/librdi_common.so(+0xbcfbcf) [0x7f7679099bcf]
/home/zou/software/vivado/Vivado/2023.1/lib/lnx64.o/libtcl8.5.so(+0x3356f) [0x7f76746db56f]
/home/zou/software/vivado/Vivado/2023.1/lib/lnx64.o/libtcl8.5.so(Tcl_EvalObjv+0x32) [0x7f76746db6a2]
/home/zou/software/vivado/Vivado/2023.1/lib/lnx64.o/libtcl8.5.so(TclEvalObjEx+0x322) [0x7f76746dd4c2]
/home/zou/software/vivado/Vivado/2023.1/lib/lnx64.o/librdi_common.so(hdi::tcltasks::task_manager::eval_in_tcl(Tcl_Interp*, Tcl_Obj*, char const*, bool)+0x7ad) [0x7f7679097fbd]
/home/zou/software/vivado/Vivado/2023.1/lib/lnx64.o/librdi_designutils.so(HRTInvoker::inProcessLaunch(HDGUIStatus&)+0x310) [0x7f766378d1e0]
/home/zou/software/vivado/Vivado/2023.1/lib/lnx64.o/librdi_designutils.so(HRTInvoker::launch(HDGUIStatus&)+0x33) [0x7f766378d793]
/home/zou/software/vivado/Vivado/2023.1/lib/lnx64.o/librdi_vivadotasks.so(+0x718981) [0x7f763d369981]
/home/zou/software/vivado/Vivado/2023.1/lib/lnx64.o/librdi_vivadotasks.so(+0x721442) [0x7f763d372442]
/home/zou/software/vivado/Vivado/2023.1/lib/lnx64.o/librdi_common.so(+0xbcfbcf) [0x7f7679099bcf]
/home/zou/software/vivado/Vivado/2023.1/lib/lnx64.o/libtcl8.5.so(+0x3356f) [0x7f76746db56f]
/home/zou/software/vivado/Vivado/2023.1/lib/lnx64.o/libtcl8.5.so(+0x76945) [0x7f767471e945]
/home/zou/software/vivado/Vivado/2023.1/lib/lnx64.o/libtcl8.5.so(+0x7e0f9) [0x7f76747260f9]
/home/zou/software/vivado/Vivado/2023.1/lib/lnx64.o/libtcl8.5.so(TclEvalObjEx+0x76) [0x7f76746dd216]
/home/zou/software/vivado/Vivado/2023.1/lib/lnx64.o/libtcl8.5.so(Tcl_RecordAndEvalObj+0x143) [0x7f767472bbd3]
/home/zou/software/vivado/Vivado/2023.1/lib/lnx64.o/librdi_commontasks.so(+0x2f9cb9) [0x7f766da99cb9]
/home/zou/software/vivado/Vivado/2023.1/lib/lnx64.o/libtcl8.5.so(Tcl_Main+0x620) [0x7f7674748740]
/home/zou/software/vivado/Vivado/2023.1/lib/lnx64.o/librdi_common.so(+0xbfd38b) [0x7f76790c738b]
/lib/x86_64-linux-gnu/libpthread.so.0(+0x8609) [0x7f7677e93609]
/lib/x86_64-linux-gnu/libc.so.6(clone+0x43) [0x7f7677fcd133]
