#
# An unexpected error has occurred (11)
#
Stack:
/lib/x86_64-linux-gnu/libc.so.6(+0x43090) [0x7f9d9914f090]
/home/zou/software/vivado/Vivado/2023.1/lib/lnx64.o/librdi_synth.so(HARTHOptPrepDsp::reduceRegisterSize(DFNode*)+0x1116) [0x7f9d65958c86]
/home/zou/software/vivado/Vivado/2023.1/lib/lnx64.o/librdi_synth.so(HARTHOptPrepDsp::reduceDspRegSize(DFNode*)+0xa1) [0x7f9d65958ed1]
/home/zou/software/vivado/Vivado/2023.1/lib/lnx64.o/librdi_synth.so(HARTHOptPost::topDownPass(bool (*)(DFNode*), void (*)(DFNode*), std::__cxx11::basic_string<char, std::char_traits<char>, std::allocator<char> >)+0xf1) [0x7f9d65928641]
/home/zou/software/vivado/Vivado/2023.1/lib/lnx64.o/librdi_synth.so(HARTHOptPost::prepDsps()+0x699) [0x7f9d65928d49]
/home/zou/software/vivado/Vivado/2023.1/lib/lnx64.o/librdi_synth.so(HARTHOptPost::optimize()+0x1c80) [0x7f9d6592c9a0]
/home/zou/software/vivado/Vivado/2023.1/lib/lnx64.o/librdi_synth.so(HARTHOptDfg::optimizePass2()+0x1df03) [0x7f9d66137273]
/home/zou/software/vivado/Vivado/2023.1/lib/lnx64.o/librdi_synth.so(HARTNDb::optimizeAndMap()+0x1078) [0x7f9d65a71d18]
/home/zou/software/vivado/Vivado/2023.1/lib/lnx64.o/librdi_synth.so(HARTNDb::map()+0x1b) [0x7f9d65a7266b]
/home/zou/software/vivado/Vivado/2023.1/lib/lnx64.o/librdi_synth.so(+0x14e6e13) [0x7f9d65cd0e13]
/home/zou/software/vivado/Vivado/2023.1/lib/lnx64.o/librdi_synth.so(+0x1360655) [0x7f9d65b4a655]
/home/zou/software/vivado/Vivado/2023.1/lib/lnx64.o/libtcl8.5.so(+0x3356f) [0x7f9d9593956f]
/home/zou/software/vivado/Vivado/2023.1/lib/lnx64.o/libtcl8.5.so(+0x34bf8) [0x7f9d9593abf8]
/home/zou/software/vivado/Vivado/2023.1/lib/lnx64.o/libtcl8.5.so(Tcl_EvalEx+0x13) [0x7f9d9593b163]
/home/zou/software/vivado/Vivado/2023.1/lib/lnx64.o/libtcl8.5.so(TclEvalObjEx+0x1e0) [0x7f9d9593b380]
/home/zou/software/vivado/Vivado/2023.1/lib/lnx64.o/libtcl8.5.so(+0x3b445) [0x7f9d95941445]
/home/zou/software/vivado/Vivado/2023.1/lib/lnx64.o/libtcl8.5.so(+0x3356f) [0x7f9d9593956f]
/home/zou/software/vivado/Vivado/2023.1/lib/lnx64.o/libtcl8.5.so(+0x76945) [0x7f9d9597c945]
/home/zou/software/vivado/Vivado/2023.1/lib/lnx64.o/libtcl8.5.so(+0x7e0f9) [0x7f9d959840f9]
/home/zou/software/vivado/Vivado/2023.1/lib/lnx64.o/libtcl8.5.so(TclEvalObjEx+0x76) [0x7f9d9593b216]
/home/zou/software/vivado/Vivado/2023.1/lib/lnx64.o/librdi_commontasks.so(+0x260d41) [0x7f9d8ec5ed41]
/home/zou/software/vivado/Vivado/2023.1/lib/lnx64.o/libtcl8.5.so(+0x3356f) [0x7f9d9593956f]
/home/zou/software/vivado/Vivado/2023.1/lib/lnx64.o/libtcl8.5.so(+0x76945) [0x7f9d9597c945]
/home/zou/software/vivado/Vivado/2023.1/lib/lnx64.o/libtcl8.5.so(TclObjInterpProcCore+0x420) [0x7f9d959bded0]
/home/zou/software/vivado/Vivado/2023.1/lib/lnx64.o/libtcl8.5.so(+0x3356f) [0x7f9d9593956f]
/home/zou/software/vivado/Vivado/2023.1/lib/lnx64.o/libtcl8.5.so(+0x76945) [0x7f9d9597c945]
/home/zou/software/vivado/Vivado/2023.1/lib/lnx64.o/libtcl8.5.so(+0x7e0f9) [0x7f9d959840f9]
/home/zou/software/vivado/Vivado/2023.1/lib/lnx64.o/libtcl8.5.so(TclEvalObjEx+0x76) [0x7f9d9593b216]
/home/zou/software/vivado/Vivado/2023.1/lib/lnx64.o/librdi_commontasks.so(+0x260d41) [0x7f9d8ec5ed41]
/home/zou/software/vivado/Vivado/2023.1/lib/lnx64.o/libtcl8.5.so(+0x3356f) [0x7f9d9593956f]
/home/zou/software/vivado/Vivado/2023.1/lib/lnx64.o/libtcl8.5.so(+0x76945) [0x7f9d9597c945]
/home/zou/software/vivado/Vivado/2023.1/lib/lnx64.o/libtcl8.5.so(Tcl_ExprObj+0xf8) [0x7f9d95983cd8]
/home/zou/software/vivado/Vivado/2023.1/lib/lnx64.o/libtcl8.5.so(Tcl_ExprBooleanObj+0x16) [0x7f9d95939f56]
/home/zou/software/vivado/Vivado/2023.1/lib/lnx64.o/libtcl8.5.so(+0x3e7ae) [0x7f9d959447ae]
/home/zou/software/vivado/Vivado/2023.1/lib/lnx64.o/libtcl8.5.so(+0x3356f) [0x7f9d9593956f]
/home/zou/software/vivado/Vivado/2023.1/lib/lnx64.o/libtcl8.5.so(+0x34bf8) [0x7f9d9593abf8]
/home/zou/software/vivado/Vivado/2023.1/lib/lnx64.o/libtcl8.5.so(Tcl_EvalEx+0x13) [0x7f9d9593b163]
/home/zou/software/vivado/Vivado/2023.1/lib/lnx64.o/libtcl8.5.so(Tcl_FSEvalFileEx+0x1da) [0x7f9d9599fd2a]
/home/zou/software/vivado/Vivado/2023.1/lib/lnx64.o/librdi_commontasks.so(+0x27cfb0) [0x7f9d8ec7afb0]
/home/zou/software/vivado/Vivado/2023.1/lib/lnx64.o/librdi_common.so(+0xbcfbcf) [0x7f9d9a2f7bcf]
/home/zou/software/vivado/Vivado/2023.1/lib/lnx64.o/libtcl8.5.so(+0x3356f) [0x7f9d9593956f]
/home/zou/software/vivado/Vivado/2023.1/lib/lnx64.o/libtcl8.5.so(+0x76945) [0x7f9d9597c945]
/home/zou/software/vivado/Vivado/2023.1/lib/lnx64.o/libtcl8.5.so(+0x7e0f9) [0x7f9d959840f9]
/home/zou/software/vivado/Vivado/2023.1/lib/lnx64.o/libtcl8.5.so(TclEvalObjEx+0x76) [0x7f9d9593b216]
/home/zou/software/vivado/Vivado/2023.1/lib/lnx64.o/libtcl8.5.so(+0xb7637) [0x7f9d959bd637]
/home/zou/software/vivado/Vivado/2023.1/lib/lnx64.o/libtcl8.5.so(+0x3356f) [0x7f9d9593956f]
/home/zou/software/vivado/Vivado/2023.1/lib/lnx64.o/libtcl8.5.so(+0x76945) [0x7f9d9597c945]
/home/zou/software/vivado/Vivado/2023.1/lib/lnx64.o/libtcl8.5.so(+0x7e0f9) [0x7f9d959840f9]
/home/zou/software/vivado/Vivado/2023.1/lib/lnx64.o/libtcl8.5.so(TclEvalObjEx+0x76) [0x7f9d9593b216]
/home/zou/software/vivado/Vivado/2023.1/lib/lnx64.o/librdi_commontasks.so(+0x260c9e) [0x7f9d8ec5ec9e]
/home/zou/software/vivado/Vivado/2023.1/lib/lnx64.o/libtcl8.5.so(+0x3356f) [0x7f9d9593956f]
/home/zou/software/vivado/Vivado/2023.1/lib/lnx64.o/libtcl8.5.so(+0x34bf8) [0x7f9d9593abf8]
/home/zou/software/vivado/Vivado/2023.1/lib/lnx64.o/libtcl8.5.so(+0xad566) [0x7f9d959b3566]
/home/zou/software/vivado/Vivado/2023.1/lib/lnx64.o/libtcl8.5.so(+0x34785) [0x7f9d9593a785]
/home/zou/software/vivado/Vivado/2023.1/lib/lnx64.o/libtcl8.5.so(Tcl_EvalEx+0x13) [0x7f9d9593b163]
/home/zou/software/vivado/Vivado/2023.1/lib/lnx64.o/libtcl8.5.so(Tcl_FSEvalFileEx+0x1da) [0x7f9d9599fd2a]
/home/zou/software/vivado/Vivado/2023.1/lib/lnx64.o/librdi_commontasks.so(+0x27cfb0) [0x7f9d8ec7afb0]
/home/zou/software/vivado/Vivado/2023.1/lib/lnx64.o/librdi_common.so(+0xbcfbcf) [0x7f9d9a2f7bcf]
/home/zou/software/vivado/Vivado/2023.1/lib/lnx64.o/libtcl8.5.so(+0x3356f) [0x7f9d9593956f]
/home/zou/software/vivado/Vivado/2023.1/lib/lnx64.o/libtcl8.5.so(Tcl_EvalObjv+0x32) [0x7f9d959396a2]
/home/zou/software/vivado/Vivado/2023.1/lib/lnx64.o/libtcl8.5.so(TclEvalObjEx+0x322) [0x7f9d9593b4c2]
/home/zou/software/vivado/Vivado/2023.1/lib/lnx64.o/librdi_common.so(hdi::tcltasks::task_manager::eval_in_tcl(Tcl_Interp*, Tcl_Obj*, char const*, bool)+0x7ad) [0x7f9d9a2f5fbd]
/home/zou/software/vivado/Vivado/2023.1/lib/lnx64.o/librdi_designutils.so(HRTInvoker::inProcessLaunch(HDGUIStatus&)+0x310) [0x7f9d849eb1e0]
/home/zou/software/vivado/Vivado/2023.1/lib/lnx64.o/librdi_designutils.so(HRTInvoker::launch(HDGUIStatus&)+0x33) [0x7f9d849eb793]
/home/zou/software/vivado/Vivado/2023.1/lib/lnx64.o/librdi_vivadotasks.so(+0x718981) [0x7f9d5e5c7981]
/home/zou/software/vivado/Vivado/2023.1/lib/lnx64.o/librdi_vivadotasks.so(+0x721442) [0x7f9d5e5d0442]
/home/zou/software/vivado/Vivado/2023.1/lib/lnx64.o/librdi_common.so(+0xbcfbcf) [0x7f9d9a2f7bcf]
/home/zou/software/vivado/Vivado/2023.1/lib/lnx64.o/libtcl8.5.so(+0x3356f) [0x7f9d9593956f]
/home/zou/software/vivado/Vivado/2023.1/lib/lnx64.o/libtcl8.5.so(+0x76945) [0x7f9d9597c945]
/home/zou/software/vivado/Vivado/2023.1/lib/lnx64.o/libtcl8.5.so(+0x7e0f9) [0x7f9d959840f9]
/home/zou/software/vivado/Vivado/2023.1/lib/lnx64.o/libtcl8.5.so(TclEvalObjEx+0x76) [0x7f9d9593b216]
/home/zou/software/vivado/Vivado/2023.1/lib/lnx64.o/libtcl8.5.so(Tcl_RecordAndEvalObj+0x143) [0x7f9d95989bd3]
/home/zou/software/vivado/Vivado/2023.1/lib/lnx64.o/librdi_commontasks.so(+0x2f9cb9) [0x7f9d8ecf7cb9]
/home/zou/software/vivado/Vivado/2023.1/lib/lnx64.o/libtcl8.5.so(Tcl_Main+0x620) [0x7f9d959a6740]
/home/zou/software/vivado/Vivado/2023.1/lib/lnx64.o/librdi_common.so(+0xbfd38b) [0x7f9d9a32538b]
/lib/x86_64-linux-gnu/libpthread.so.0(+0x8609) [0x7f9d990f1609]
/lib/x86_64-linux-gnu/libc.so.6(clone+0x43) [0x7f9d9922b133]
